04-12 20:06:28 com_github_MitjaNemec_Archive3DModels.action_archive_3d_models 220:Plugin executed on: 'darwin'
04-12 20:06:28 com_github_MitjaNemec_Archive3DModels.action_archive_3d_models 221:Plugin executed with python version: '3.9.13 (v3.9.13:6de2ca5339, May 17 2022, 11:37:23) \n[Clang 13.0.0 (clang-1300.0.29.30)]'
04-12 20:06:28 com_github_MitjaNemec_Archive3DModels.action_archive_3d_models 222:KiCad build version: 9.0.0
04-12 20:06:28 com_github_MitjaNemec_Archive3DModels.action_archive_3d_models 223:Plugin version: 1.0.14
04-12 20:06:28 com_github_MitjaNemec_Archive3DModels.action_archive_3d_models 228:Screen sizes: [wx.Size(2560, 1440), wx.Size(1710, 1112)]
04-12 20:06:28 com_github_MitjaNemec_Archive3DModels.action_archive_3d_models 235:Dialog size: wx.Size(213, 81)
04-12 20:06:28 com_github_MitjaNemec_Archive3DModels.action_archive_3d_models 237:Char size: 16
04-12 20:06:38 com_github_MitjaNemec_Archive3DModels.archive_3d_models 30:Starting to archive 3D models
04-12 20:06:38 com_github_MitjaNemec_Archive3DModels.archive_3d_models 51:Getting 3D models for footprint of: G***
04-12 20:06:38 com_github_MitjaNemec_Archive3DModels.archive_3d_models 51:Getting 3D models for footprint of: G***
04-12 20:06:38 com_github_MitjaNemec_Archive3DModels.archive_3d_models 51:Getting 3D models for footprint of: C606
04-12 20:06:38 com_github_MitjaNemec_Archive3DModels.archive_3d_models 63:Trying to copy: ${EASYEDA2KICAD}/easyeda2kicad.3dshapes/C0402_L1.0-W0.5-H0.5.wrl
04-12 20:06:38 com_github_MitjaNemec_Archive3DModels.archive_3d_models 150:Remapping: ${EASYEDA2KICAD}/easyeda2kicad.3dshapes/C0402_L1.0-W0.5-H0.5.wrl
04-12 20:06:38 com_github_MitjaNemec_Archive3DModels.archive_3d_models 51:Getting 3D models for footprint of: R201
04-12 20:06:38 com_github_MitjaNemec_Archive3DModels.archive_3d_models 63:Trying to copy: ${KICAD9_3DMODEL_DIR}/Resistor_SMD.3dshapes/R_0603_1608Metric.wrl
04-12 20:06:38 com_github_MitjaNemec_Archive3DModels.archive_3d_models 150:Remapping: ${KICAD9_3DMODEL_DIR}/Resistor_SMD.3dshapes/R_0603_1608Metric.wrl
04-12 20:06:38 com_github_MitjaNemec_Archive3DModels.archive_3d_models 51:Getting 3D models for footprint of: C608
04-12 20:06:38 com_github_MitjaNemec_Archive3DModels.archive_3d_models 63:Trying to copy: ${EASYEDA2KICAD}/easyeda2kicad.3dshapes/C0402_L1.0-W0.5-H0.5.wrl
04-12 20:06:38 com_github_MitjaNemec_Archive3DModels.archive_3d_models 150:Remapping: ${EASYEDA2KICAD}/easyeda2kicad.3dshapes/C0402_L1.0-W0.5-H0.5.wrl
04-12 20:06:38 com_github_MitjaNemec_Archive3DModels.archive_3d_models 51:Getting 3D models for footprint of: U702
04-12 20:06:38 com_github_MitjaNemec_Archive3DModels.archive_3d_models 63:Trying to copy: ${EASYEDA2KICAD}/easyeda2kicad.3dshapes/DFN-4_L1.3-W0.9-P0.50-BR.wrl
04-12 20:06:38 com_github_MitjaNemec_Archive3DModels.archive_3d_models 150:Remapping: ${EASYEDA2KICAD}/easyeda2kicad.3dshapes/DFN-4_L1.3-W0.9-P0.50-BR.wrl
04-12 20:06:38 com_github_MitjaNemec_Archive3DModels.archive_3d_models 51:Getting 3D models for footprint of: U703
04-12 20:06:38 com_github_MitjaNemec_Archive3DModels.archive_3d_models 63:Trying to copy: ${EASYEDA2KICAD}/easyeda2kicad.3dshapes/DFN-4_L1.3-W0.9-P0.50-BR.wrl
04-12 20:06:38 com_github_MitjaNemec_Archive3DModels.archive_3d_models 150:Remapping: ${EASYEDA2KICAD}/easyeda2kicad.3dshapes/DFN-4_L1.3-W0.9-P0.50-BR.wrl
04-12 20:06:38 com_github_MitjaNemec_Archive3DModels.archive_3d_models 51:Getting 3D models for footprint of: C1001
04-12 20:06:38 com_github_MitjaNemec_Archive3DModels.archive_3d_models 63:Trying to copy: ${EASYEDA2KICAD}/easyeda2kicad.3dshapes/C0402_L1.0-W0.5-H0.5.wrl
04-12 20:06:38 com_github_MitjaNemec_Archive3DModels.archive_3d_models 150:Remapping: ${EASYEDA2KICAD}/easyeda2kicad.3dshapes/C0402_L1.0-W0.5-H0.5.wrl
04-12 20:06:38 com_github_MitjaNemec_Archive3DModels.archive_3d_models 51:Getting 3D models for footprint of: R1001
04-12 20:06:38 com_github_MitjaNemec_Archive3DModels.archive_3d_models 63:Trying to copy: ${KICAD9_3DMODEL_DIR}/Resistor_SMD.3dshapes/R_0603_1608Metric.wrl
04-12 20:06:38 com_github_MitjaNemec_Archive3DModels.archive_3d_models 150:Remapping: ${KICAD9_3DMODEL_DIR}/Resistor_SMD.3dshapes/R_0603_1608Metric.wrl
04-12 20:06:38 com_github_MitjaNemec_Archive3DModels.archive_3d_models 51:Getting 3D models for footprint of: L1103
04-12 20:06:38 com_github_MitjaNemec_Archive3DModels.archive_3d_models 63:Trying to copy: ${EASYEDA2KICAD}/easyeda2kicad.3dshapes/L0603_L1.6-W0.8-H0.5_BEAD.wrl
04-12 20:06:38 com_github_MitjaNemec_Archive3DModels.archive_3d_models 150:Remapping: ${EASYEDA2KICAD}/easyeda2kicad.3dshapes/L0603_L1.6-W0.8-H0.5_BEAD.wrl
04-12 20:06:38 com_github_MitjaNemec_Archive3DModels.archive_3d_models 51:Getting 3D models for footprint of: C607
04-12 20:06:38 com_github_MitjaNemec_Archive3DModels.archive_3d_models 63:Trying to copy: ${EASYEDA2KICAD}/easyeda2kicad.3dshapes/C0402_L1.0-W0.5-H0.5.wrl
04-12 20:06:38 com_github_MitjaNemec_Archive3DModels.archive_3d_models 150:Remapping: ${EASYEDA2KICAD}/easyeda2kicad.3dshapes/C0402_L1.0-W0.5-H0.5.wrl
04-12 20:06:38 com_github_MitjaNemec_Archive3DModels.archive_3d_models 51:Getting 3D models for footprint of: C602
04-12 20:06:38 com_github_MitjaNemec_Archive3DModels.archive_3d_models 63:Trying to copy: ${EASYEDA2KICAD}/easyeda2kicad.3dshapes/C0402_L1.0-W0.5-H0.5.wrl
04-12 20:06:38 com_github_MitjaNemec_Archive3DModels.archive_3d_models 150:Remapping: ${EASYEDA2KICAD}/easyeda2kicad.3dshapes/C0402_L1.0-W0.5-H0.5.wrl
04-12 20:06:38 com_github_MitjaNemec_Archive3DModels.archive_3d_models 51:Getting 3D models for footprint of: AE1102
04-12 20:06:38 com_github_MitjaNemec_Archive3DModels.archive_3d_models 51:Getting 3D models for footprint of: C601
04-12 20:06:38 com_github_MitjaNemec_Archive3DModels.archive_3d_models 63:Trying to copy: ${KICAD9_3DMODEL_DIR}/Capacitor_SMD.3dshapes/C_0603_1608Metric.wrl
04-12 20:06:38 com_github_MitjaNemec_Archive3DModels.archive_3d_models 150:Remapping: ${KICAD9_3DMODEL_DIR}/Capacitor_SMD.3dshapes/C_0603_1608Metric.wrl
04-12 20:06:38 com_github_MitjaNemec_Archive3DModels.archive_3d_models 51:Getting 3D models for footprint of: C809
04-12 20:06:38 com_github_MitjaNemec_Archive3DModels.archive_3d_models 63:Trying to copy: ${KICAD9_3DMODEL_DIR}/Capacitor_SMD.3dshapes/C_0603_1608Metric.wrl
04-12 20:06:38 com_github_MitjaNemec_Archive3DModels.archive_3d_models 150:Remapping: ${KICAD9_3DMODEL_DIR}/Capacitor_SMD.3dshapes/C_0603_1608Metric.wrl
04-12 20:06:38 com_github_MitjaNemec_Archive3DModels.archive_3d_models 51:Getting 3D models for footprint of: C811
04-12 20:06:38 com_github_MitjaNemec_Archive3DModels.archive_3d_models 63:Trying to copy: ${KICAD9_3DMODEL_DIR}/Capacitor_SMD.3dshapes/C_0603_1608Metric.wrl
04-12 20:06:38 com_github_MitjaNemec_Archive3DModels.archive_3d_models 150:Remapping: ${KICAD9_3DMODEL_DIR}/Capacitor_SMD.3dshapes/C_0603_1608Metric.wrl
04-12 20:06:38 com_github_MitjaNemec_Archive3DModels.archive_3d_models 51:Getting 3D models for footprint of: C806
04-12 20:06:38 com_github_MitjaNemec_Archive3DModels.archive_3d_models 63:Trying to copy: ${KICAD9_3DMODEL_DIR}/Capacitor_SMD.3dshapes/C_0603_1608Metric.wrl
04-12 20:06:38 com_github_MitjaNemec_Archive3DModels.archive_3d_models 150:Remapping: ${KICAD9_3DMODEL_DIR}/Capacitor_SMD.3dshapes/C_0603_1608Metric.wrl
04-12 20:06:38 com_github_MitjaNemec_Archive3DModels.archive_3d_models 51:Getting 3D models for footprint of: REF**
04-12 20:06:38 com_github_MitjaNemec_Archive3DModels.archive_3d_models 51:Getting 3D models for footprint of: R603
04-12 20:06:38 com_github_MitjaNemec_Archive3DModels.archive_3d_models 63:Trying to copy: ${EASYEDA2KICAD}/easyeda2kicad.3dshapes/R0603.wrl
04-12 20:06:38 com_github_MitjaNemec_Archive3DModels.archive_3d_models 150:Remapping: ${EASYEDA2KICAD}/easyeda2kicad.3dshapes/R0603.wrl
04-12 20:06:38 com_github_MitjaNemec_Archive3DModels.archive_3d_models 51:Getting 3D models for footprint of: C801
04-12 20:06:38 com_github_MitjaNemec_Archive3DModels.archive_3d_models 63:Trying to copy: ${KICAD9_3DMODEL_DIR}/Capacitor_SMD.3dshapes/C_0603_1608Metric.wrl
04-12 20:06:38 com_github_MitjaNemec_Archive3DModels.archive_3d_models 150:Remapping: ${KICAD9_3DMODEL_DIR}/Capacitor_SMD.3dshapes/C_0603_1608Metric.wrl
04-12 20:06:38 com_github_MitjaNemec_Archive3DModels.archive_3d_models 51:Getting 3D models for footprint of: C802
04-12 20:06:38 com_github_MitjaNemec_Archive3DModels.archive_3d_models 63:Trying to copy: ${KICAD9_3DMODEL_DIR}/Capacitor_SMD.3dshapes/C_0603_1608Metric.wrl
04-12 20:06:38 com_github_MitjaNemec_Archive3DModels.archive_3d_models 150:Remapping: ${KICAD9_3DMODEL_DIR}/Capacitor_SMD.3dshapes/C_0603_1608Metric.wrl
04-12 20:06:38 com_github_MitjaNemec_Archive3DModels.archive_3d_models 51:Getting 3D models for footprint of: RF902
04-12 20:06:38 com_github_MitjaNemec_Archive3DModels.archive_3d_models 63:Trying to copy: ${EASYEDA2KICAD}/easyeda2kicad.3dshapes/IPEX-SMD_BWIPX-1-001E.wrl
04-12 20:06:38 com_github_MitjaNemec_Archive3DModels.archive_3d_models 150:Remapping: ${EASYEDA2KICAD}/easyeda2kicad.3dshapes/IPEX-SMD_BWIPX-1-001E.wrl
04-12 20:06:38 com_github_MitjaNemec_Archive3DModels.archive_3d_models 51:Getting 3D models for footprint of: R608
04-12 20:06:38 com_github_MitjaNemec_Archive3DModels.archive_3d_models 63:Trying to copy: ${KICAD9_3DMODEL_DIR}/Resistor_SMD.3dshapes/R_0603_1608Metric.wrl
04-12 20:06:38 com_github_MitjaNemec_Archive3DModels.archive_3d_models 150:Remapping: ${KICAD9_3DMODEL_DIR}/Resistor_SMD.3dshapes/R_0603_1608Metric.wrl
04-12 20:06:38 com_github_MitjaNemec_Archive3DModels.archive_3d_models 51:Getting 3D models for footprint of: RF1102
04-12 20:06:38 com_github_MitjaNemec_Archive3DModels.archive_3d_models 63:Trying to copy: ${EASYEDA2KICAD}/easyeda2kicad.3dshapes/IPEX-SMD_BWIPX-1-001E.wrl
04-12 20:06:38 com_github_MitjaNemec_Archive3DModels.archive_3d_models 150:Remapping: ${EASYEDA2KICAD}/easyeda2kicad.3dshapes/IPEX-SMD_BWIPX-1-001E.wrl
04-12 20:06:38 com_github_MitjaNemec_Archive3DModels.archive_3d_models 51:Getting 3D models for footprint of: C402
04-12 20:06:38 com_github_MitjaNemec_Archive3DModels.archive_3d_models 63:Trying to copy: ${EASYEDA2KICAD}/easyeda2kicad.3dshapes/C0402_L1.0-W0.5-H0.5.wrl
04-12 20:06:38 com_github_MitjaNemec_Archive3DModels.archive_3d_models 150:Remapping: ${EASYEDA2KICAD}/easyeda2kicad.3dshapes/C0402_L1.0-W0.5-H0.5.wrl
04-12 20:06:38 com_github_MitjaNemec_Archive3DModels.archive_3d_models 51:Getting 3D models for footprint of: H104
04-12 20:06:38 com_github_MitjaNemec_Archive3DModels.archive_3d_models 51:Getting 3D models for footprint of: U401
04-12 20:06:38 com_github_MitjaNemec_Archive3DModels.archive_3d_models 63:Trying to copy: ${EASYEDA2KICAD}/easyeda2kicad.3dshapes/SOT-23-6_L2.9-W1.6-H1.5-LS2.8-P0.95.wrl
04-12 20:06:38 com_github_MitjaNemec_Archive3DModels.archive_3d_models 150:Remapping: ${EASYEDA2KICAD}/easyeda2kicad.3dshapes/SOT-23-6_L2.9-W1.6-H1.5-LS2.8-P0.95.wrl
04-12 20:06:38 com_github_MitjaNemec_Archive3DModels.archive_3d_models 51:Getting 3D models for footprint of: H601
04-12 20:06:38 com_github_MitjaNemec_Archive3DModels.archive_3d_models 63:Trying to copy: ${EASYEDA2KICAD}/easyeda2kicad.3dshapes/HDR-SMD_6P-P2.54-V-M-R2-C3-LS7.5-2.wrl
04-12 20:06:38 com_github_MitjaNemec_Archive3DModels.archive_3d_models 150:Remapping: ${EASYEDA2KICAD}/easyeda2kicad.3dshapes/HDR-SMD_6P-P2.54-V-M-R2-C3-LS7.5-2.wrl
04-12 20:06:38 com_github_MitjaNemec_Archive3DModels.archive_3d_models 51:Getting 3D models for footprint of: C603
04-12 20:06:38 com_github_MitjaNemec_Archive3DModels.archive_3d_models 63:Trying to copy: ${EASYEDA2KICAD}/easyeda2kicad.3dshapes/C0402_L1.0-W0.5-H0.5.wrl
04-12 20:06:38 com_github_MitjaNemec_Archive3DModels.archive_3d_models 150:Remapping: ${EASYEDA2KICAD}/easyeda2kicad.3dshapes/C0402_L1.0-W0.5-H0.5.wrl
04-12 20:06:38 com_github_MitjaNemec_Archive3DModels.archive_3d_models 51:Getting 3D models for footprint of: R501
04-12 20:06:38 com_github_MitjaNemec_Archive3DModels.archive_3d_models 63:Trying to copy: ${EASYEDA2KICAD}/easyeda2kicad.3dshapes/R0603.wrl
04-12 20:06:38 com_github_MitjaNemec_Archive3DModels.archive_3d_models 150:Remapping: ${EASYEDA2KICAD}/easyeda2kicad.3dshapes/R0603.wrl
04-12 20:06:38 com_github_MitjaNemec_Archive3DModels.archive_3d_models 51:Getting 3D models for footprint of: U706
04-12 20:06:38 com_github_MitjaNemec_Archive3DModels.archive_3d_models 63:Trying to copy: ${EASYEDA2KICAD}/easyeda2kicad.3dshapes/DFN-4_L1.3-W0.9-P0.50-BR.wrl
04-12 20:06:38 com_github_MitjaNemec_Archive3DModels.archive_3d_models 150:Remapping: ${EASYEDA2KICAD}/easyeda2kicad.3dshapes/DFN-4_L1.3-W0.9-P0.50-BR.wrl
04-12 20:06:38 com_github_MitjaNemec_Archive3DModels.archive_3d_models 51:Getting 3D models for footprint of: C805
04-12 20:06:38 com_github_MitjaNemec_Archive3DModels.archive_3d_models 63:Trying to copy: ${KICAD9_3DMODEL_DIR}/Capacitor_SMD.3dshapes/C_0603_1608Metric.wrl
04-12 20:06:38 com_github_MitjaNemec_Archive3DModels.archive_3d_models 150:Remapping: ${KICAD9_3DMODEL_DIR}/Capacitor_SMD.3dshapes/C_0603_1608Metric.wrl
04-12 20:06:38 com_github_MitjaNemec_Archive3DModels.archive_3d_models 51:Getting 3D models for footprint of: H103
04-12 20:06:38 com_github_MitjaNemec_Archive3DModels.archive_3d_models 51:Getting 3D models for footprint of: SW801
04-12 20:06:38 com_github_MitjaNemec_Archive3DModels.archive_3d_models 63:Trying to copy: ${EASYEDA2KICAD}/easyeda2kicad.3dshapes/SW-SMD_8P-L6.7-W5.4-P1.27-LS8.5.wrl
04-12 20:06:38 com_github_MitjaNemec_Archive3DModels.archive_3d_models 150:Remapping: ${EASYEDA2KICAD}/easyeda2kicad.3dshapes/SW-SMD_8P-L6.7-W5.4-P1.27-LS8.5.wrl
04-12 20:06:38 com_github_MitjaNemec_Archive3DModels.archive_3d_models 51:Getting 3D models for footprint of: C810
04-12 20:06:38 com_github_MitjaNemec_Archive3DModels.archive_3d_models 63:Trying to copy: ${KICAD9_3DMODEL_DIR}/Capacitor_SMD.3dshapes/C_0603_1608Metric.wrl
04-12 20:06:38 com_github_MitjaNemec_Archive3DModels.archive_3d_models 150:Remapping: ${KICAD9_3DMODEL_DIR}/Capacitor_SMD.3dshapes/C_0603_1608Metric.wrl
04-12 20:06:38 com_github_MitjaNemec_Archive3DModels.archive_3d_models 51:Getting 3D models for footprint of: R1002
04-12 20:06:38 com_github_MitjaNemec_Archive3DModels.archive_3d_models 63:Trying to copy: ${KICAD9_3DMODEL_DIR}/Resistor_SMD.3dshapes/R_0603_1608Metric.wrl
04-12 20:06:38 com_github_MitjaNemec_Archive3DModels.archive_3d_models 150:Remapping: ${KICAD9_3DMODEL_DIR}/Resistor_SMD.3dshapes/R_0603_1608Metric.wrl
04-12 20:06:38 com_github_MitjaNemec_Archive3DModels.archive_3d_models 51:Getting 3D models for footprint of: C202
04-12 20:06:38 com_github_MitjaNemec_Archive3DModels.archive_3d_models 63:Trying to copy: ${EASYEDA2KICAD}/easyeda2kicad.3dshapes/C0402_L1.0-W0.5-H0.5.wrl
04-12 20:06:38 com_github_MitjaNemec_Archive3DModels.archive_3d_models 150:Remapping: ${EASYEDA2KICAD}/easyeda2kicad.3dshapes/C0402_L1.0-W0.5-H0.5.wrl
04-12 20:06:38 com_github_MitjaNemec_Archive3DModels.archive_3d_models 51:Getting 3D models for footprint of: C701
04-12 20:06:38 com_github_MitjaNemec_Archive3DModels.archive_3d_models 63:Trying to copy: ${EASYEDA2KICAD}/easyeda2kicad.3dshapes/C0402_L1.0-W0.5-H0.5.wrl
04-12 20:06:38 com_github_MitjaNemec_Archive3DModels.archive_3d_models 150:Remapping: ${EASYEDA2KICAD}/easyeda2kicad.3dshapes/C0402_L1.0-W0.5-H0.5.wrl
04-12 20:06:38 com_github_MitjaNemec_Archive3DModels.archive_3d_models 51:Getting 3D models for footprint of: R610
04-12 20:06:38 com_github_MitjaNemec_Archive3DModels.archive_3d_models 63:Trying to copy: ${KICAD9_3DMODEL_DIR}/Resistor_SMD.3dshapes/R_0603_1608Metric.wrl
04-12 20:06:38 com_github_MitjaNemec_Archive3DModels.archive_3d_models 150:Remapping: ${KICAD9_3DMODEL_DIR}/Resistor_SMD.3dshapes/R_0603_1608Metric.wrl
04-12 20:06:38 com_github_MitjaNemec_Archive3DModels.archive_3d_models 51:Getting 3D models for footprint of: U201
04-12 20:06:38 com_github_MitjaNemec_Archive3DModels.archive_3d_models 63:Trying to copy: ${EASYEDA2KICAD}/easyeda2kicad.3dshapes/WIFI-SMD_ESP32-MINI-1-N4.wrl
04-12 20:06:38 com_github_MitjaNemec_Archive3DModels.archive_3d_models 150:Remapping: ${EASYEDA2KICAD}/easyeda2kicad.3dshapes/WIFI-SMD_ESP32-MINI-1-N4.wrl
04-12 20:06:38 com_github_MitjaNemec_Archive3DModels.archive_3d_models 51:Getting 3D models for footprint of: U601
04-12 20:06:38 com_github_MitjaNemec_Archive3DModels.archive_3d_models 63:Trying to copy: ${KICAD9_3DMODEL_DIR}/Package_TO_SOT_SMD.3dshapes/SOT-223.wrl
04-12 20:06:38 com_github_MitjaNemec_Archive3DModels.archive_3d_models 150:Remapping: ${KICAD9_3DMODEL_DIR}/Package_TO_SOT_SMD.3dshapes/SOT-223.wrl
04-12 20:06:38 com_github_MitjaNemec_Archive3DModels.archive_3d_models 51:Getting 3D models for footprint of: L1104
04-12 20:06:38 com_github_MitjaNemec_Archive3DModels.archive_3d_models 63:Trying to copy: ${EASYEDA2KICAD}/easyeda2kicad.3dshapes/L0603_L1.6-W0.8-H0.5_BEAD.wrl
04-12 20:06:38 com_github_MitjaNemec_Archive3DModels.archive_3d_models 150:Remapping: ${EASYEDA2KICAD}/easyeda2kicad.3dshapes/L0603_L1.6-W0.8-H0.5_BEAD.wrl
04-12 20:06:38 com_github_MitjaNemec_Archive3DModels.archive_3d_models 51:Getting 3D models for footprint of: Q602
04-12 20:06:38 com_github_MitjaNemec_Archive3DModels.archive_3d_models 63:Trying to copy: ${EASYEDA2KICAD}/easyeda2kicad.3dshapes/SOT-23-3P_L2.9-W1.3-H1.0-LS2.4-P0.95.wrl
04-12 20:06:38 com_github_MitjaNemec_Archive3DModels.archive_3d_models 150:Remapping: ${EASYEDA2KICAD}/easyeda2kicad.3dshapes/SOT-23-3P_L2.9-W1.3-H1.0-LS2.4-P0.95.wrl
04-12 20:06:38 com_github_MitjaNemec_Archive3DModels.archive_3d_models 51:Getting 3D models for footprint of: C201
04-12 20:06:38 com_github_MitjaNemec_Archive3DModels.archive_3d_models 63:Trying to copy: ${KICAD9_3DMODEL_DIR}/Capacitor_SMD.3dshapes/C_0603_1608Metric.wrl
04-12 20:06:38 com_github_MitjaNemec_Archive3DModels.archive_3d_models 150:Remapping: ${KICAD9_3DMODEL_DIR}/Capacitor_SMD.3dshapes/C_0603_1608Metric.wrl
04-12 20:06:38 com_github_MitjaNemec_Archive3DModels.archive_3d_models 51:Getting 3D models for footprint of: SW602
04-12 20:06:38 com_github_MitjaNemec_Archive3DModels.archive_3d_models 63:Trying to copy: ${EASYEDA2KICAD}/easyeda2kicad.3dshapes/SW-SMD_L3.9-W2.9-H2.0-LS4.8.wrl
04-12 20:06:38 com_github_MitjaNemec_Archive3DModels.archive_3d_models 150:Remapping: ${EASYEDA2KICAD}/easyeda2kicad.3dshapes/SW-SMD_L3.9-W2.9-H2.0-LS4.8.wrl
04-12 20:06:38 com_github_MitjaNemec_Archive3DModels.archive_3d_models 51:Getting 3D models for footprint of: H102
04-12 20:06:38 com_github_MitjaNemec_Archive3DModels.archive_3d_models 51:Getting 3D models for footprint of: SW601
04-12 20:06:38 com_github_MitjaNemec_Archive3DModels.archive_3d_models 63:Trying to copy: ${EASYEDA2KICAD}/easyeda2kicad.3dshapes/SW-SMD_L3.9-W2.9-H2.0-LS4.8.wrl
04-12 20:06:38 com_github_MitjaNemec_Archive3DModels.archive_3d_models 150:Remapping: ${EASYEDA2KICAD}/easyeda2kicad.3dshapes/SW-SMD_L3.9-W2.9-H2.0-LS4.8.wrl
04-12 20:06:38 com_github_MitjaNemec_Archive3DModels.archive_3d_models 51:Getting 3D models for footprint of: Q601
04-12 20:06:38 com_github_MitjaNemec_Archive3DModels.archive_3d_models 63:Trying to copy: ${EASYEDA2KICAD}/easyeda2kicad.3dshapes/SOT-23-3P_L2.9-W1.3-H1.0-LS2.4-P0.95.wrl
04-12 20:06:38 com_github_MitjaNemec_Archive3DModels.archive_3d_models 150:Remapping: ${EASYEDA2KICAD}/easyeda2kicad.3dshapes/SOT-23-3P_L2.9-W1.3-H1.0-LS2.4-P0.95.wrl
04-12 20:06:38 com_github_MitjaNemec_Archive3DModels.archive_3d_models 51:Getting 3D models for footprint of: USB601
04-12 20:06:38 com_github_MitjaNemec_Archive3DModels.archive_3d_models 63:Trying to copy: ${EASYEDA2KICAD}/easyeda2kicad.3dshapes/USB-SMD_TYPEC-304YSSW-ACP16.wrl
04-12 20:06:38 com_github_MitjaNemec_Archive3DModels.archive_3d_models 150:Remapping: ${EASYEDA2KICAD}/easyeda2kicad.3dshapes/USB-SMD_TYPEC-304YSSW-ACP16.wrl
04-12 20:06:38 com_github_MitjaNemec_Archive3DModels.archive_3d_models 51:Getting 3D models for footprint of: U701
04-12 20:06:38 com_github_MitjaNemec_Archive3DModels.archive_3d_models 63:Trying to copy: ${EASYEDA2KICAD}/easyeda2kicad.3dshapes/DFN-4_L1.3-W0.9-P0.50-BR.wrl
04-12 20:06:38 com_github_MitjaNemec_Archive3DModels.archive_3d_models 150:Remapping: ${EASYEDA2KICAD}/easyeda2kicad.3dshapes/DFN-4_L1.3-W0.9-P0.50-BR.wrl
04-12 20:06:38 com_github_MitjaNemec_Archive3DModels.archive_3d_models 51:Getting 3D models for footprint of: R402
04-12 20:06:38 com_github_MitjaNemec_Archive3DModels.archive_3d_models 63:Trying to copy: ${KICAD9_3DMODEL_DIR}/Resistor_SMD.3dshapes/R_0603_1608Metric.wrl
04-12 20:06:38 com_github_MitjaNemec_Archive3DModels.archive_3d_models 150:Remapping: ${KICAD9_3DMODEL_DIR}/Resistor_SMD.3dshapes/R_0603_1608Metric.wrl
04-12 20:06:38 com_github_MitjaNemec_Archive3DModels.archive_3d_models 51:Getting 3D models for footprint of: R607
04-12 20:06:38 com_github_MitjaNemec_Archive3DModels.archive_3d_models 63:Trying to copy: ${KICAD9_3DMODEL_DIR}/Resistor_SMD.3dshapes/R_0603_1608Metric.wrl
04-12 20:06:38 com_github_MitjaNemec_Archive3DModels.archive_3d_models 150:Remapping: ${KICAD9_3DMODEL_DIR}/Resistor_SMD.3dshapes/R_0603_1608Metric.wrl
04-12 20:06:38 com_github_MitjaNemec_Archive3DModels.archive_3d_models 51:Getting 3D models for footprint of: R602
04-12 20:06:38 com_github_MitjaNemec_Archive3DModels.archive_3d_models 63:Trying to copy: ${EASYEDA2KICAD}/easyeda2kicad.3dshapes/R0603.wrl
04-12 20:06:38 com_github_MitjaNemec_Archive3DModels.archive_3d_models 150:Remapping: ${EASYEDA2KICAD}/easyeda2kicad.3dshapes/R0603.wrl
04-12 20:06:38 com_github_MitjaNemec_Archive3DModels.archive_3d_models 51:Getting 3D models for footprint of: R604
04-12 20:06:38 com_github_MitjaNemec_Archive3DModels.archive_3d_models 63:Trying to copy: ${KICAD9_3DMODEL_DIR}/Resistor_SMD.3dshapes/R_0603_1608Metric.wrl
04-12 20:06:38 com_github_MitjaNemec_Archive3DModels.archive_3d_models 150:Remapping: ${KICAD9_3DMODEL_DIR}/Resistor_SMD.3dshapes/R_0603_1608Metric.wrl
04-12 20:06:38 com_github_MitjaNemec_Archive3DModels.archive_3d_models 51:Getting 3D models for footprint of: R606
04-12 20:06:38 com_github_MitjaNemec_Archive3DModels.archive_3d_models 63:Trying to copy: ${KICAD9_3DMODEL_DIR}/Resistor_SMD.3dshapes/R_0603_1608Metric.wrl
04-12 20:06:38 com_github_MitjaNemec_Archive3DModels.archive_3d_models 150:Remapping: ${KICAD9_3DMODEL_DIR}/Resistor_SMD.3dshapes/R_0603_1608Metric.wrl
04-12 20:06:38 com_github_MitjaNemec_Archive3DModels.archive_3d_models 51:Getting 3D models for footprint of: D1001
04-12 20:06:38 com_github_MitjaNemec_Archive3DModels.archive_3d_models 63:Trying to copy: ${KICAD9_3DMODEL_DIR}/Diode_SMD.3dshapes/D_SOD-323.wrl
04-12 20:06:38 com_github_MitjaNemec_Archive3DModels.archive_3d_models 150:Remapping: ${KICAD9_3DMODEL_DIR}/Diode_SMD.3dshapes/D_SOD-323.wrl
04-12 20:06:38 com_github_MitjaNemec_Archive3DModels.archive_3d_models 51:Getting 3D models for footprint of: C803
04-12 20:06:38 com_github_MitjaNemec_Archive3DModels.archive_3d_models 63:Trying to copy: ${KICAD9_3DMODEL_DIR}/Capacitor_SMD.3dshapes/C_0603_1608Metric.wrl
04-12 20:06:38 com_github_MitjaNemec_Archive3DModels.archive_3d_models 150:Remapping: ${KICAD9_3DMODEL_DIR}/Capacitor_SMD.3dshapes/C_0603_1608Metric.wrl
04-12 20:06:38 com_github_MitjaNemec_Archive3DModels.archive_3d_models 51:Getting 3D models for footprint of: R611
04-12 20:06:38 com_github_MitjaNemec_Archive3DModels.archive_3d_models 63:Trying to copy: ${KICAD9_3DMODEL_DIR}/Resistor_SMD.3dshapes/R_0603_1608Metric.wrl
04-12 20:06:38 com_github_MitjaNemec_Archive3DModels.archive_3d_models 150:Remapping: ${KICAD9_3DMODEL_DIR}/Resistor_SMD.3dshapes/R_0603_1608Metric.wrl
04-12 20:06:38 com_github_MitjaNemec_Archive3DModels.archive_3d_models 51:Getting 3D models for footprint of: R1003
04-12 20:06:38 com_github_MitjaNemec_Archive3DModels.archive_3d_models 63:Trying to copy: ${KICAD9_3DMODEL_DIR}/Resistor_SMD.3dshapes/R_0603_1608Metric.wrl
04-12 20:06:38 com_github_MitjaNemec_Archive3DModels.archive_3d_models 150:Remapping: ${KICAD9_3DMODEL_DIR}/Resistor_SMD.3dshapes/R_0603_1608Metric.wrl
04-12 20:06:38 com_github_MitjaNemec_Archive3DModels.archive_3d_models 51:Getting 3D models for footprint of: U705
04-12 20:06:38 com_github_MitjaNemec_Archive3DModels.archive_3d_models 63:Trying to copy: ${EASYEDA2KICAD}/easyeda2kicad.3dshapes/DFN-4_L1.3-W0.9-P0.50-BR.wrl
04-12 20:06:38 com_github_MitjaNemec_Archive3DModels.archive_3d_models 150:Remapping: ${EASYEDA2KICAD}/easyeda2kicad.3dshapes/DFN-4_L1.3-W0.9-P0.50-BR.wrl
04-12 20:06:38 com_github_MitjaNemec_Archive3DModels.archive_3d_models 51:Getting 3D models for footprint of: AE1101
04-12 20:06:38 com_github_MitjaNemec_Archive3DModels.archive_3d_models 51:Getting 3D models for footprint of: U602
04-12 20:06:38 com_github_MitjaNemec_Archive3DModels.archive_3d_models 63:Trying to copy: ${EASYEDA2KICAD}/easyeda2kicad.3dshapes/QFN-28_L5.0-W5.0-H0.9-P0.50.wrl
04-12 20:06:38 com_github_MitjaNemec_Archive3DModels.archive_3d_models 150:Remapping: ${EASYEDA2KICAD}/easyeda2kicad.3dshapes/QFN-28_L5.0-W5.0-H0.9-P0.50.wrl
04-12 20:06:38 com_github_MitjaNemec_Archive3DModels.archive_3d_models 51:Getting 3D models for footprint of: C808
04-12 20:06:38 com_github_MitjaNemec_Archive3DModels.archive_3d_models 63:Trying to copy: ${KICAD9_3DMODEL_DIR}/Capacitor_SMD.3dshapes/C_0603_1608Metric.wrl
04-12 20:06:38 com_github_MitjaNemec_Archive3DModels.archive_3d_models 150:Remapping: ${KICAD9_3DMODEL_DIR}/Capacitor_SMD.3dshapes/C_0603_1608Metric.wrl
04-12 20:06:38 com_github_MitjaNemec_Archive3DModels.archive_3d_models 51:Getting 3D models for footprint of: C804
04-12 20:06:38 com_github_MitjaNemec_Archive3DModels.archive_3d_models 63:Trying to copy: ${KICAD9_3DMODEL_DIR}/Capacitor_SMD.3dshapes/C_0603_1608Metric.wrl
04-12 20:06:38 com_github_MitjaNemec_Archive3DModels.archive_3d_models 150:Remapping: ${KICAD9_3DMODEL_DIR}/Capacitor_SMD.3dshapes/C_0603_1608Metric.wrl
04-12 20:06:38 com_github_MitjaNemec_Archive3DModels.archive_3d_models 51:Getting 3D models for footprint of: C203
04-12 20:06:38 com_github_MitjaNemec_Archive3DModels.archive_3d_models 63:Trying to copy: ${KICAD9_3DMODEL_DIR}/Capacitor_SMD.3dshapes/C_0603_1608Metric.wrl
04-12 20:06:38 com_github_MitjaNemec_Archive3DModels.archive_3d_models 150:Remapping: ${KICAD9_3DMODEL_DIR}/Capacitor_SMD.3dshapes/C_0603_1608Metric.wrl
04-12 20:06:38 com_github_MitjaNemec_Archive3DModels.archive_3d_models 51:Getting 3D models for footprint of: RF1103
04-12 20:06:38 com_github_MitjaNemec_Archive3DModels.archive_3d_models 63:Trying to copy: ${EASYEDA2KICAD}/easyeda2kicad.3dshapes/ANT-SMD_L1.7-W1.7-H0.8-LS2.0.wrl
04-12 20:06:38 com_github_MitjaNemec_Archive3DModels.archive_3d_models 150:Remapping: ${EASYEDA2KICAD}/easyeda2kicad.3dshapes/ANT-SMD_L1.7-W1.7-H0.8-LS2.0.wrl
04-12 20:06:38 com_github_MitjaNemec_Archive3DModels.archive_3d_models 51:Getting 3D models for footprint of: C702
04-12 20:06:38 com_github_MitjaNemec_Archive3DModels.archive_3d_models 63:Trying to copy: ${EASYEDA2KICAD}/easyeda2kicad.3dshapes/C0402_L1.0-W0.5-H0.5.wrl
04-12 20:06:38 com_github_MitjaNemec_Archive3DModels.archive_3d_models 150:Remapping: ${EASYEDA2KICAD}/easyeda2kicad.3dshapes/C0402_L1.0-W0.5-H0.5.wrl
04-12 20:06:38 com_github_MitjaNemec_Archive3DModels.archive_3d_models 51:Getting 3D models for footprint of: R609
04-12 20:06:38 com_github_MitjaNemec_Archive3DModels.archive_3d_models 63:Trying to copy: ${KICAD9_3DMODEL_DIR}/Resistor_SMD.3dshapes/R_0603_1608Metric.wrl
04-12 20:06:38 com_github_MitjaNemec_Archive3DModels.archive_3d_models 150:Remapping: ${KICAD9_3DMODEL_DIR}/Resistor_SMD.3dshapes/R_0603_1608Metric.wrl
04-12 20:06:38 com_github_MitjaNemec_Archive3DModels.archive_3d_models 51:Getting 3D models for footprint of: RF901
04-12 20:06:38 com_github_MitjaNemec_Archive3DModels.archive_3d_models 63:Trying to copy: ${EASYEDA2KICAD}/easyeda2kicad.3dshapes/ANT-SMD_L1.7-W1.7-H0.8-LS2.0.wrl
04-12 20:06:38 com_github_MitjaNemec_Archive3DModels.archive_3d_models 150:Remapping: ${EASYEDA2KICAD}/easyeda2kicad.3dshapes/ANT-SMD_L1.7-W1.7-H0.8-LS2.0.wrl
04-12 20:06:38 com_github_MitjaNemec_Archive3DModels.archive_3d_models 51:Getting 3D models for footprint of: D601
04-12 20:06:38 com_github_MitjaNemec_Archive3DModels.archive_3d_models 63:Trying to copy: ${KICAD9_3DMODEL_DIR}/Diode_SMD.3dshapes/D_SOD-323.wrl
04-12 20:06:38 com_github_MitjaNemec_Archive3DModels.archive_3d_models 150:Remapping: ${KICAD9_3DMODEL_DIR}/Diode_SMD.3dshapes/D_SOD-323.wrl
04-12 20:06:38 com_github_MitjaNemec_Archive3DModels.archive_3d_models 51:Getting 3D models for footprint of: H101
04-12 20:06:38 com_github_MitjaNemec_Archive3DModels.archive_3d_models 51:Getting 3D models for footprint of: R601
04-12 20:06:38 com_github_MitjaNemec_Archive3DModels.archive_3d_models 63:Trying to copy: ${EASYEDA2KICAD}/easyeda2kicad.3dshapes/R0603.wrl
04-12 20:06:38 com_github_MitjaNemec_Archive3DModels.archive_3d_models 150:Remapping: ${EASYEDA2KICAD}/easyeda2kicad.3dshapes/R0603.wrl
04-12 20:06:38 com_github_MitjaNemec_Archive3DModels.archive_3d_models 51:Getting 3D models for footprint of: U402
04-12 20:06:38 com_github_MitjaNemec_Archive3DModels.archive_3d_models 63:Trying to copy: ${EASYEDA2KICAD}/easyeda2kicad.3dshapes/SOT-23-6_L2.9-W1.6-H1.5-LS2.8-P0.95.wrl
04-12 20:06:38 com_github_MitjaNemec_Archive3DModels.archive_3d_models 150:Remapping: ${EASYEDA2KICAD}/easyeda2kicad.3dshapes/SOT-23-6_L2.9-W1.6-H1.5-LS2.8-P0.95.wrl
04-12 20:06:38 com_github_MitjaNemec_Archive3DModels.archive_3d_models 51:Getting 3D models for footprint of: C604
04-12 20:06:38 com_github_MitjaNemec_Archive3DModels.archive_3d_models 63:Trying to copy: ${KICAD9_3DMODEL_DIR}/Capacitor_SMD.3dshapes/C_0603_1608Metric.wrl
04-12 20:06:38 com_github_MitjaNemec_Archive3DModels.archive_3d_models 150:Remapping: ${KICAD9_3DMODEL_DIR}/Capacitor_SMD.3dshapes/C_0603_1608Metric.wrl
04-12 20:06:38 com_github_MitjaNemec_Archive3DModels.archive_3d_models 51:Getting 3D models for footprint of: C401
04-12 20:06:38 com_github_MitjaNemec_Archive3DModels.archive_3d_models 63:Trying to copy: ${EASYEDA2KICAD}/easyeda2kicad.3dshapes/C0402_L1.0-W0.5-H0.5.wrl
04-12 20:06:38 com_github_MitjaNemec_Archive3DModels.archive_3d_models 150:Remapping: ${EASYEDA2KICAD}/easyeda2kicad.3dshapes/C0402_L1.0-W0.5-H0.5.wrl
04-12 20:06:38 com_github_MitjaNemec_Archive3DModels.archive_3d_models 51:Getting 3D models for footprint of: R502
04-12 20:06:38 com_github_MitjaNemec_Archive3DModels.archive_3d_models 63:Trying to copy: ${EASYEDA2KICAD}/easyeda2kicad.3dshapes/R0603.wrl
04-12 20:06:38 com_github_MitjaNemec_Archive3DModels.archive_3d_models 150:Remapping: ${EASYEDA2KICAD}/easyeda2kicad.3dshapes/R0603.wrl
04-12 20:06:38 com_github_MitjaNemec_Archive3DModels.archive_3d_models 51:Getting 3D models for footprint of: R401
04-12 20:06:38 com_github_MitjaNemec_Archive3DModels.archive_3d_models 63:Trying to copy: ${KICAD9_3DMODEL_DIR}/Resistor_SMD.3dshapes/R_0603_1608Metric.wrl
04-12 20:06:38 com_github_MitjaNemec_Archive3DModels.archive_3d_models 150:Remapping: ${KICAD9_3DMODEL_DIR}/Resistor_SMD.3dshapes/R_0603_1608Metric.wrl
04-12 20:06:38 com_github_MitjaNemec_Archive3DModels.archive_3d_models 51:Getting 3D models for footprint of: L1102
04-12 20:06:38 com_github_MitjaNemec_Archive3DModels.archive_3d_models 63:Trying to copy: ${EASYEDA2KICAD}/easyeda2kicad.3dshapes/L0603_L1.6-W0.8-H0.5_BEAD.wrl
04-12 20:06:38 com_github_MitjaNemec_Archive3DModels.archive_3d_models 150:Remapping: ${EASYEDA2KICAD}/easyeda2kicad.3dshapes/L0603_L1.6-W0.8-H0.5_BEAD.wrl
04-12 20:06:38 com_github_MitjaNemec_Archive3DModels.archive_3d_models 51:Getting 3D models for footprint of: SW802
04-12 20:06:38 com_github_MitjaNemec_Archive3DModels.archive_3d_models 63:Trying to copy: ${EASYEDA2KICAD}/easyeda2kicad.3dshapes/SW-SMD_8P-L6.7-W5.4-P1.27-LS8.5.wrl
04-12 20:06:38 com_github_MitjaNemec_Archive3DModels.archive_3d_models 150:Remapping: ${EASYEDA2KICAD}/easyeda2kicad.3dshapes/SW-SMD_8P-L6.7-W5.4-P1.27-LS8.5.wrl
04-12 20:06:38 com_github_MitjaNemec_Archive3DModels.archive_3d_models 51:Getting 3D models for footprint of: C812
04-12 20:06:38 com_github_MitjaNemec_Archive3DModels.archive_3d_models 63:Trying to copy: ${KICAD9_3DMODEL_DIR}/Capacitor_SMD.3dshapes/C_0603_1608Metric.wrl
04-12 20:06:38 com_github_MitjaNemec_Archive3DModels.archive_3d_models 150:Remapping: ${KICAD9_3DMODEL_DIR}/Capacitor_SMD.3dshapes/C_0603_1608Metric.wrl
04-12 20:06:38 com_github_MitjaNemec_Archive3DModels.archive_3d_models 51:Getting 3D models for footprint of: C605
04-12 20:06:38 com_github_MitjaNemec_Archive3DModels.archive_3d_models 63:Trying to copy: ${KICAD9_3DMODEL_DIR}/Capacitor_SMD.3dshapes/C_0603_1608Metric.wrl
04-12 20:06:38 com_github_MitjaNemec_Archive3DModels.archive_3d_models 150:Remapping: ${KICAD9_3DMODEL_DIR}/Capacitor_SMD.3dshapes/C_0603_1608Metric.wrl
04-12 20:06:38 com_github_MitjaNemec_Archive3DModels.archive_3d_models 51:Getting 3D models for footprint of: C807
04-12 20:06:38 com_github_MitjaNemec_Archive3DModels.archive_3d_models 63:Trying to copy: ${KICAD9_3DMODEL_DIR}/Capacitor_SMD.3dshapes/C_0603_1608Metric.wrl
04-12 20:06:38 com_github_MitjaNemec_Archive3DModels.archive_3d_models 150:Remapping: ${KICAD9_3DMODEL_DIR}/Capacitor_SMD.3dshapes/C_0603_1608Metric.wrl
04-12 20:06:38 com_github_MitjaNemec_Archive3DModels.archive_3d_models 51:Getting 3D models for footprint of: RF1101
04-12 20:06:38 com_github_MitjaNemec_Archive3DModels.archive_3d_models 63:Trying to copy: ${EASYEDA2KICAD}/easyeda2kicad.3dshapes/ANT-SMD_L1.7-W1.7-H0.8-LS2.0.wrl
04-12 20:06:38 com_github_MitjaNemec_Archive3DModels.archive_3d_models 150:Remapping: ${EASYEDA2KICAD}/easyeda2kicad.3dshapes/ANT-SMD_L1.7-W1.7-H0.8-LS2.0.wrl
04-12 20:06:38 com_github_MitjaNemec_Archive3DModels.archive_3d_models 51:Getting 3D models for footprint of: C204
04-12 20:06:38 com_github_MitjaNemec_Archive3DModels.archive_3d_models 63:Trying to copy: ${EASYEDA2KICAD}/easyeda2kicad.3dshapes/C0402_L1.0-W0.5-H0.5.wrl
04-12 20:06:38 com_github_MitjaNemec_Archive3DModels.archive_3d_models 150:Remapping: ${EASYEDA2KICAD}/easyeda2kicad.3dshapes/C0402_L1.0-W0.5-H0.5.wrl
04-12 20:06:38 com_github_MitjaNemec_Archive3DModels.archive_3d_models 51:Getting 3D models for footprint of: LED601
04-12 20:06:38 com_github_MitjaNemec_Archive3DModels.archive_3d_models 63:Trying to copy: ${EASYEDA2KICAD}/easyeda2kicad.3dshapes/LED0805-RD.wrl
04-12 20:06:38 com_github_MitjaNemec_Archive3DModels.archive_3d_models 150:Remapping: ${EASYEDA2KICAD}/easyeda2kicad.3dshapes/LED0805-RD.wrl
04-12 20:06:38 com_github_MitjaNemec_Archive3DModels.archive_3d_models 51:Getting 3D models for footprint of: L1101
04-12 20:06:38 com_github_MitjaNemec_Archive3DModels.archive_3d_models 63:Trying to copy: ${EASYEDA2KICAD}/easyeda2kicad.3dshapes/L0603_L1.6-W0.8-H0.5_BEAD.wrl
04-12 20:06:38 com_github_MitjaNemec_Archive3DModels.archive_3d_models 150:Remapping: ${EASYEDA2KICAD}/easyeda2kicad.3dshapes/L0603_L1.6-W0.8-H0.5_BEAD.wrl
04-12 20:06:38 com_github_MitjaNemec_Archive3DModels.archive_3d_models 51:Getting 3D models for footprint of: R605
04-12 20:06:38 com_github_MitjaNemec_Archive3DModels.archive_3d_models 63:Trying to copy: ${KICAD9_3DMODEL_DIR}/Resistor_SMD.3dshapes/R_0603_1608Metric.wrl
04-12 20:06:38 com_github_MitjaNemec_Archive3DModels.archive_3d_models 150:Remapping: ${KICAD9_3DMODEL_DIR}/Resistor_SMD.3dshapes/R_0603_1608Metric.wrl
04-12 20:06:38 com_github_MitjaNemec_Archive3DModels.archive_3d_models 51:Getting 3D models for footprint of: U704
04-12 20:06:38 com_github_MitjaNemec_Archive3DModels.archive_3d_models 63:Trying to copy: ${EASYEDA2KICAD}/easyeda2kicad.3dshapes/DFN-4_L1.3-W0.9-P0.50-BR.wrl
04-12 20:06:38 com_github_MitjaNemec_Archive3DModels.archive_3d_models 150:Remapping: ${EASYEDA2KICAD}/easyeda2kicad.3dshapes/DFN-4_L1.3-W0.9-P0.50-BR.wrl
04-12 20:06:38 com_github_MitjaNemec_Archive3DModels.archive_3d_models 51:Getting 3D models for footprint of: H602
04-12 20:06:38 com_github_MitjaNemec_Archive3DModels.archive_3d_models 63:Trying to copy: ${EASYEDA2KICAD}/easyeda2kicad.3dshapes/HDR-SMD_6P-P2.54-V-M-R2-C3-LS7.5-2.wrl
04-12 20:06:38 com_github_MitjaNemec_Archive3DModels.archive_3d_models 150:Remapping: ${EASYEDA2KICAD}/easyeda2kicad.3dshapes/HDR-SMD_6P-P2.54-V-M-R2-C3-LS7.5-2.wrl
04-12 20:06:38 com_github_MitjaNemec_Archive3DModels.archive_3d_models 51:Getting 3D models for footprint of: REF**
04-12 20:06:38 com_github_MitjaNemec_Archive3DModels.archive_3d_models 51:Getting 3D models for footprint of: RF1104
04-12 20:06:38 com_github_MitjaNemec_Archive3DModels.archive_3d_models 63:Trying to copy: ${EASYEDA2KICAD}/easyeda2kicad.3dshapes/IPEX-SMD_BWIPX-1-001E.wrl
04-12 20:06:38 com_github_MitjaNemec_Archive3DModels.archive_3d_models 150:Remapping: ${EASYEDA2KICAD}/easyeda2kicad.3dshapes/IPEX-SMD_BWIPX-1-001E.wrl
04-12 20:06:38 com_github_MitjaNemec_Archive3DModels.archive_3d_models 51:Getting 3D models for footprint of: U501
04-12 20:06:38 com_github_MitjaNemec_Archive3DModels.archive_3d_models 63:Trying to copy: ${EASYEDA2KICAD}/easyeda2kicad.3dshapes/MSOP-10_L3.0-W3.0-H1.1-LS5.0-P0.50.wrl
04-12 20:06:38 com_github_MitjaNemec_Archive3DModels.archive_3d_models 150:Remapping: ${EASYEDA2KICAD}/easyeda2kicad.3dshapes/MSOP-10_L3.0-W3.0-H1.1-LS5.0-P0.50.wrl
04-12 20:06:38 com_github_MitjaNemec_Archive3DModels.archive_3d_models 51:Getting 3D models for footprint of: G***
